
Bookモデルのテスト
  バリデーションのテスト
    titleカラム
[32m      空欄でないこと[0m
    bodyカラム
[32m      空欄でないこと[0m
[32m      200文字以下であること: 200文字は〇[0m
[32m      200文字以下であること: 201文字は×[0m
  アソシエーションのテスト
    Userモデルとの関係
[32m      N:1となっている[0m

Userモデルのテスト
  バリデーションのテスト
    nameカラム
[32m      空欄でないこと[0m
[32m      2文字以上であること: 1文字は×[0m
[32m      2文字以上であること: 2文字は〇[0m
[32m      20文字以下であること: 20文字は〇[0m
[32m      20文字以下であること: 21文字は×[0m
[32m      一意性があること[0m
    introductionカラム
[32m      50文字以下であること: 50文字は〇[0m
[32m      50文字以下であること: 51文字は×[0m
  アソシエーションのテスト
    Bookモデルとの関係
[32m      1:Nとなっている[0m

[STEP1] ユーザログイン前のテスト
  トップ画面のテスト
    表示内容の確認
[32m      URLが正しい[0m
[32m      Log inリンクが表示される: 青色のボタンの表示が「Log in」である[0m
[32m      Log inリンクの内容が正しい[0m
[32m      Sign upリンクが表示される: 緑色のボタンの表示が「Sign up」である[0m
[32m      Sign upリンクの内容が正しい[0m
  アバウト画面のテスト
    表示内容の確認
[32m      URLが正しい[0m
  ヘッダーのテスト: ログインしていない場合
    表示内容の確認
[32m      Bookersリンクが表示される: 左上から1番目のリンクが「Bookers」である[0m
[32m      Homeリンクが表示される: 左上から2番目のリンクが「Home」である[0m
[32m      Aboutリンクが表示される: 左上から3番目のリンクが「About」である[0m
[32m      Sign upリンクが表示される: 左上から4番目のリンクが「Sign up」である[0m
[32m      Log inリンクが表示される: 左上から5番目のリンクが「Log in」である[0m
    リンクの内容を確認
[32m      Bookersを押すと、トップ画面に遷移する[0m
[32m      Homeを押すと、トップ画面に遷移する[0m
[32m      Aboutを押すと、アバウト画面に遷移する[0m
[32m      Sign upを押すと、新規登録画面に遷移する[0m
[32m      Log inを押すと、ログイン画面に遷移する[0m
  ユーザ新規登録のテスト
    表示内容の確認
[32m      URLが正しい[0m
[32m      「Sign up」と表示される[0m
[32m      nameフォームが表示される[0m
[32m      emailフォームが表示される[0m
[32m      passwordフォームが表示される[0m
[32m      password_confirmationフォームが表示される[0m
[32m      Sign upボタンが表示される[0m
    新規登録成功のテスト
[31m      正しく新規登録される (FAILED - 1)[0m
[31m      新規登録後のリダイレクト先が、新規登録できたユーザの詳細画面になっている (FAILED - 2)[0m
  ユーザログイン
    表示内容の確認
[32m      URLが正しい[0m
[32m      「Log in」と表示される[0m
[32m      nameフォームが表示される[0m
[32m      passwordフォームが表示される[0m
[32m      Log inボタンが表示される[0m
[32m      emailフォームは表示されない[0m
    ログイン成功のテスト
[32m      ログイン後のリダイレクト先が、ログインしたユーザの詳細画面になっている[0m
    ログイン失敗のテスト
[32m      ログインに失敗し、ログイン画面にリダイレクトされる[0m
  ヘッダーのテスト: ログインしている場合
    ヘッダーの表示を確認
[32m      Bookersリンクが表示される: 左上から1番目のリンクが「Bookers」である[0m
[32m      Homeリンクが表示される: 左上から2番目のリンクが「Home」である[0m
[32m      Usersリンクが表示される: 左上から3番目のリンクが「Users」である[0m
[32m      Booksリンクが表示される: 左上から4番目のリンクが「Books」である[0m
[31m      Log outリンクが表示される: 左上から5番目のリンクが「Log out」である (FAILED - 3)[0m
  ユーザログアウトのテスト
    ログアウト機能のテスト
[32m      正しくログアウトできている: ログアウト後のリダイレクト先においてAbout画面へのリンクが存在する[0m
[32m      ログアウト後のリダイレクト先が、トップになっている[0m

[STEP2] ユーザログイン後のテスト
  ヘッダーのテスト: ログインしている場合
    リンクの内容を確認: ※logoutは『ユーザログアウトのテスト』でテスト済みになります。
[31m      Homeを押すと、自分のユーザ詳細画面に遷移する (FAILED - 4)[0m
[32m      Usersを押すと、ユーザ一覧画面に遷移する[0m
[32m      Booksを押すと、投稿一覧画面に遷移する[0m
  投稿一覧画面のテスト
    表示内容の確認
[32m      URLが正しい[0m
[31m      自分と他人の画像のリンク先が正しい (FAILED - 5)[0m
[32m      自分の投稿と他人の投稿のタイトルのリンク先がそれぞれ正しい[0m
[32m      自分の投稿と他人の投稿のオピニオンが表示される[0m
    サイドバーの確認
[32m      自分の名前と紹介文が表示される[0m
[32m      自分のユーザ編集画面へのリンクが存在する[0m
[32m      「New book」と表示される[0m
[32m      titleフォームが表示される[0m
[32m      titleフォームに値が入っていない[0m
[32m      bodyフォームが表示される[0m
[32m      bodyフォームに値が入っていない[0m
[32m      Create Bookボタンが表示される[0m
    投稿成功のテスト
[31m      自分の新しい投稿が正しく保存される (FAILED - 6)[0m
[31m      リダイレクト先が、保存できた投稿の詳細画面になっている (FAILED - 7)[0m
  自分の投稿詳細画面のテスト
    表示内容の確認
[32m      URLが正しい[0m
[32m      「Book detail」と表示される[0m
[32m      ユーザ画像・名前のリンク先が正しい[0m
[32m      投稿のtitleが表示される[0m
[32m      投稿のbodyが表示される[0m
[32m      投稿の編集リンクが表示される[0m
[32m      投稿の削除リンクが表示される[0m
    サイドバーの確認
[32m      自分の名前と紹介文が表示される[0m
[32m      自分のユーザ編集画面へのリンクが存在する[0m
[32m      「New book」と表示される[0m
[32m      titleフォームが表示される[0m
[32m      titleフォームに値が入っていない[0m
[32m      bodyフォームが表示される[0m
[31m      bodyフォームに値が入っていない (FAILED - 8)[0m
[32m      Create Bookボタンが表示される[0m
    投稿成功のテスト
[31m      自分の新しい投稿が正しく保存される (FAILED - 9)[0m
    編集リンクのテスト
[32m      編集画面に遷移する[0m
    削除リンクのテスト
[32m      application.html.erbにjavascript_pack_tagを含んでいる[0m
[32m      正しく削除される[0m
[32m      リダイレクト先が、投稿一覧画面になっている[0m
  自分の投稿編集画面のテスト
    表示の確認
[32m      URLが正しい[0m
[32m      「Editing Book」と表示される[0m
[32m      title編集フォームが表示される[0m
[32m      body編集フォームが表示される[0m
[32m      Update Bookボタンが表示される[0m
[32m      Showリンクが表示される[0m
[32m      Backリンクが表示される[0m
    編集成功のテスト
[32m      titleが正しく更新される[0m
[32m      bodyが正しく更新される[0m
[32m      リダイレクト先が、更新した投稿の詳細画面になっている[0m
  ユーザ一覧画面のテスト
    表示内容の確認
[32m      URLが正しい[0m
[32m      自分と他人の画像が表示される: fallbackの画像がサイドバーの1つ＋一覧(2人)の2つの計3つ存在する[0m
[32m      自分と他人の名前がそれぞれ表示される[0m
[32m      自分と他人のshowリンクがそれぞれ表示される[0m
    サイドバーの確認
[32m      自分の名前と紹介文が表示される[0m
[32m      自分のユーザ編集画面へのリンクが存在する[0m
[32m      「New book」と表示される[0m
[32m      titleフォームが表示される[0m
[32m      titleフォームに値が入っていない[0m
[32m      bodyフォームが表示される[0m
[32m      bodyフォームに値が入っていない[0m
[32m      Create Bookボタンが表示される[0m
  自分のユーザ詳細画面のテスト
    表示の確認
[32m      URLが正しい[0m
[31m      投稿一覧のユーザ画像のリンク先が正しい (FAILED - 10)[0m
[32m      投稿一覧に自分の投稿のtitleが表示され、リンクが正しい[0m
[32m      投稿一覧に自分の投稿のbodyが表示される[0m
[32m      他人の投稿は表示されない[0m
    サイドバーの確認
[32m      自分の名前と紹介文が表示される[0m
[32m      自分のユーザ編集画面へのリンクが存在する[0m
[32m      「New book」と表示される[0m
[32m      titleフォームが表示される[0m
[32m      titleフォームに値が入っていない[0m
[32m      bodyフォームが表示される[0m
[32m      bodyフォームに値が入っていない[0m
[32m      Create Bookボタンが表示される[0m
  自分のユーザ情報編集画面のテスト
    表示の確認
[32m      URLが正しい[0m
[32m      名前編集フォームに自分の名前が表示される[0m
[32m      画像編集フォームが表示される[0m
[32m      自己紹介編集フォームに自分の自己紹介文が表示される[0m
[32m      Update Userボタンが表示される[0m
    更新成功のテスト
[31m      nameが正しく更新される (FAILED - 11)[0m
[31m      introductionが正しく更新される (FAILED - 12)[0m
[31m      リダイレクト先が、自分のユーザ詳細画面になっている (FAILED - 13)[0m

[STEP3] 仕上げのテスト
  サクセスメッセージのテスト
[31m    ユーザ新規登録成功時 (FAILED - 14)[0m
[32m    ユーザログイン成功時[0m
[32m    ユーザログアウト成功時[0m
[31m    ユーザのプロフィール情報更新成功時 (FAILED - 15)[0m
[31m    投稿データの新規投稿成功時: 投稿一覧画面から行います。 (FAILED - 16)[0m
[32m    投稿データの更新成功時[0m
  処理失敗時のテスト
    ユーザ新規登録失敗: nameを1文字にする
[32m      新規登録されない[0m
[31m      新規登録画面を表示しており、フォームの内容が正しい (FAILED - 17)[0m
[32m      バリデーションエラーが表示される[0m
    ユーザのプロフィール情報編集失敗: nameを1文字にする
[31m      更新されない (FAILED - 18)[0m
[31m      ユーザ編集画面を表示しており、フォームの内容が正しい (FAILED - 19)[0m
[31m      バリデーションエラーが表示される (FAILED - 20)[0m
    投稿データの新規投稿失敗: 投稿一覧画面から行い、titleを空にする
[32m      投稿が保存されない[0m
[32m      投稿一覧画面を表示している[0m
[32m      新規投稿フォームの内容が正しい[0m
[31m      バリデーションエラーが表示される (FAILED - 21)[0m
    投稿データの更新失敗: titleを空にする
[32m      投稿が更新されない[0m
[32m      投稿編集画面を表示しており、フォームの内容が正しい[0m
[31m      エラーメッセージが表示される (FAILED - 22)[0m
  ログインしていない場合のアクセス制限のテスト: アクセスできず、ログイン画面に遷移する
[32m    ユーザ一覧画面[0m
[32m    ユーザ詳細画面[0m
[32m    ユーザ情報編集画面[0m
[32m    投稿一覧画面[0m
[32m    投稿詳細画面[0m
[32m    投稿編集画面[0m
  他人の画面のテスト
    他人の投稿詳細画面のテスト
      表示内容の確認
[32m        URLが正しい[0m
[32m        「Book detail」と表示される[0m
[32m        ユーザ画像・名前のリンク先が正しい[0m
[32m        投稿のtitleが表示される[0m
[32m        投稿のopinionが表示される[0m
[32m        投稿の編集リンクが表示されない[0m
[32m        投稿の削除リンクが表示されない[0m
      サイドバーの確認
[32m        他人の名前と紹介文が表示される[0m
[31m        他人のユーザ編集画面へのリンクが存在する (FAILED - 23)[0m
[32m        自分の名前と紹介文は表示されない[0m
[31m        自分のユーザ編集画面へのリンクは存在しない (FAILED - 24)[0m
    他人の投稿編集画面
[31m      遷移できず、投稿一覧画面にリダイレクトされる (FAILED - 25)[0m
    他人のユーザ詳細画面のテスト
      表示の確認
[32m        URLが正しい[0m
[31m        投稿一覧のユーザ画像のリンク先が正しい (FAILED - 26)[0m
[32m        投稿一覧に他人の投稿のtitleが表示され、リンクが正しい[0m
[32m        投稿一覧に他人の投稿のopinionが表示される[0m
[32m        自分の投稿は表示されない[0m
      サイドバーの確認
[32m        他人の名前と紹介文が表示される[0m
[31m        他人のユーザ編集画面へのリンクが存在する (FAILED - 27)[0m
[32m        自分の名前と紹介文は表示されない[0m
[31m        自分のユーザ編集画面へのリンクは存在しない (FAILED - 28)[0m
    他人のユーザ情報編集画面
[31m      遷移できず、自分のユーザ詳細画面にリダイレクトされる (FAILED - 29)[0m
  グリッドシステムのテスト: container, row, col-md-〇を正しく使えている
[32m    ユーザ一覧画面[0m
[32m    ユーザ詳細画面[0m
[32m    投稿一覧画面[0m
[32m    投稿詳細画面[0m
  アイコンのテスト
    トップ画面
[32m      本のアイコンが表示される[0m
    アバウト画面
[32m      本のアイコンが表示される[0m
    ヘッダー: ログインしていない場合
[32m      Homeリンクのアイコンが表示される[0m
[32m      Aboutリンクのアイコンが表示される[0m
[32m      Sign upリンクのアイコンが表示される[0m
[32m      Log inリンクのアイコンが表示される[0m
    ヘッダー: ログインしている場合
[32m      Homeリンクのアイコンが表示される[0m
[32m      Usersリンクのアイコンが表示される[0m
[32m      Booksリンクのアイコンが表示される[0m
[32m      Log outリンクのアイコンが表示される[0m
    サイドバー
[32m      ユーザ一覧画面でレンチアイコンが表示される[0m
[32m      ユーザ詳細画面でレンチアイコンが表示される[0m
[32m      投稿一覧画面でレンチアイコンが表示される[0m
[32m      投稿詳細画面でレンチアイコンが表示される[0m

Failures:

  1) [STEP1] ユーザログイン前のテスト ユーザ新規登録のテスト 新規登録成功のテスト 正しく新規登録される
     [31mFailure/Error: expect { click_button 'Sign up' }.to change(User.all, :count).by(1)[0m
     [31m  expected `User::ActiveRecord_Relation#count` to have changed by 1, but was changed by 0[0m
     [36m# ./spec/system/01_before_login_spec.rb:148:in `block (4 levels) in <main>'[0m

  2) [STEP1] ユーザログイン前のテスト ユーザ新規登録のテスト 新規登録成功のテスト 新規登録後のリダイレクト先が、新規登録できたユーザの詳細画面になっている
     [31mFailure/Error: expect(current_path).to eq '/users/' + User.last.id.to_s[0m
     [31m[0m
     [31mNoMethodError:[0m
     [31m  undefined method `id' for nil:NilClass[0m
     [31m[0m
     [31m          expect(current_path).to eq '/users/' + User.last.id.to_s[0m
     [31m                                                          ^^^[0m
     [36m# ./spec/system/01_before_login_spec.rb:152:in `block (4 levels) in <main>'[0m

  3) [STEP1] ユーザログイン前のテスト ヘッダーのテスト: ログインしている場合 ヘッダーの表示を確認 Log outリンクが表示される: 左上から5番目のリンクが「Log out」である
     [31mFailure/Error: expect(logout_link).to match(/Log out/)[0m
     [31m[0m
     [31m  expected "Log-out" to match /Log out/[0m
     [31m  Diff:[0m[0m
     [31m  [0m[34m@@ -1 +1 @@[0m
     [31m  [0m[31m-/Log out/[0m
     [31m  [0m[32m+"Log-out"[0m
     [31m  [0m[0m
     [36m# ./spec/system/01_before_login_spec.rb:239:in `block (4 levels) in <main>'[0m

  4) [STEP2] ユーザログイン後のテスト ヘッダーのテスト: ログインしている場合 リンクの内容を確認: ※logoutは『ユーザログアウトのテスト』でテスト済みになります。 Homeを押すと、自分のユーザ詳細画面に遷移する
     [31mFailure/Error: is_expected.to eq '/users/' + user.id.to_s[0m
     [31m[0m
     [31m  expected: "/users/1"[0m
     [31m       got: "/"[0m
     [31m[0m
     [31m  (compared using ==)[0m
     [36m# ./spec/system/02_after_login_spec.rb:24:in `block (4 levels) in <main>'[0m

  5) [STEP2] ユーザログイン後のテスト 投稿一覧画面のテスト 表示内容の確認 自分と他人の画像のリンク先が正しい
     [31mFailure/Error: expect(page).to have_link '', href: user_path(book.user)[0m
     [31m  expected to find link "" with href "/users/1" but there were no matches[0m
     [36m# ./spec/system/02_after_login_spec.rb:51:in `block (4 levels) in <main>'[0m

  6) [STEP2] ユーザログイン後のテスト 投稿一覧画面のテスト 投稿成功のテスト 自分の新しい投稿が正しく保存される
     [31mFailure/Error: expect { click_button 'Create Book' }.to change(user.books, :count).by(1)[0m
     [31m  expected `Book::ActiveRecord_Associations_CollectionProxy#count` to have changed by 1, but was changed by 0[0m
     [36m# ./spec/system/02_after_login_spec.rb:99:in `block (4 levels) in <main>'[0m

  7) [STEP2] ユーザログイン後のテスト 投稿一覧画面のテスト 投稿成功のテスト リダイレクト先が、保存できた投稿の詳細画面になっている
     [31mFailure/Error: expect(current_path).to eq '/books/' + Book.last.id.to_s[0m
     [31m[0m
     [31m  expected: "/books/2"[0m
     [31m       got: "/books"[0m
     [31m[0m
     [31m  (compared using ==)[0m
     [36m# ./spec/system/02_after_login_spec.rb:103:in `block (4 levels) in <main>'[0m

  8) [STEP2] ユーザログイン後のテスト 自分の投稿詳細画面のテスト サイドバーの確認 bodyフォームに値が入っていない
     [31mFailure/Error: expect(find_field('book[body]').text).to be_blank[0m
     [31m  expected `"ql9ksoq0yeycafy660b2".blank?` to be truthy, got false[0m
     [36m# ./spec/system/02_after_login_spec.rb:158:in `block (4 levels) in <main>'[0m

  9) [STEP2] ユーザログイン後のテスト 自分の投稿詳細画面のテスト 投稿成功のテスト 自分の新しい投稿が正しく保存される
     [31mFailure/Error: expect { click_button 'Create Book' }.to change(user.books, :count).by(1)[0m
     [31m  expected `Book::ActiveRecord_Associations_CollectionProxy#count` to have changed by 1, but was changed by 0[0m
     [36m# ./spec/system/02_after_login_spec.rb:172:in `block (4 levels) in <main>'[0m

  10) [STEP2] ユーザログイン後のテスト 自分のユーザ詳細画面のテスト 表示の確認 投稿一覧のユーザ画像のリンク先が正しい
      [31mFailure/Error: expect(page).to have_link '', href: user_path(user)[0m
      [31m  expected to find link "" with href "/users/1" but there were no matches[0m
      [36m# ./spec/system/02_after_login_spec.rb:319:in `block (4 levels) in <main>'[0m

  11) [STEP2] ユーザログイン後のテスト 自分のユーザ情報編集画面のテスト 更新成功のテスト nameが正しく更新される
      [31mFailure/Error: if @user.update[0m
      [31m[0m
      [31mArgumentError:[0m
      [31m  wrong number of arguments (given 0, expected 1)[0m
      [36m# ./app/controllers/users_controller.rb:12:in `update'[0m
      [36m# /home/ec2-user/.rvm/gems/ruby-3.1.2/gems/actiontext-6.1.7.3/lib/action_text/rendering.rb:20:in `with_renderer'[0m
      [36m# /home/ec2-user/.rvm/gems/ruby-3.1.2/gems/actiontext-6.1.7.3/lib/action_text/engine.rb:59:in `block (4 levels) in <class:Engine>'[0m
      [36m# /home/ec2-user/.rvm/gems/ruby-3.1.2/gems/warden-1.2.9/lib/warden/manager.rb:36:in `block in call'[0m
      [36m# /home/ec2-user/.rvm/gems/ruby-3.1.2/gems/warden-1.2.9/lib/warden/manager.rb:34:in `catch'[0m
      [36m# /home/ec2-user/.rvm/gems/ruby-3.1.2/gems/warden-1.2.9/lib/warden/manager.rb:34:in `call'[0m
      [36m# /home/ec2-user/.rvm/gems/ruby-3.1.2/gems/rack-2.2.7/lib/rack/tempfile_reaper.rb:15:in `call'[0m
      [36m# /home/ec2-user/.rvm/gems/ruby-3.1.2/gems/rack-2.2.7/lib/rack/etag.rb:27:in `call'[0m
      [36m# /home/ec2-user/.rvm/gems/ruby-3.1.2/gems/rack-2.2.7/lib/rack/conditional_get.rb:40:in `call'[0m
      [36m# /home/ec2-user/.rvm/gems/ruby-3.1.2/gems/rack-2.2.7/lib/rack/head.rb:12:in `call'[0m
      [36m# /home/ec2-user/.rvm/gems/ruby-3.1.2/gems/rack-2.2.7/lib/rack/session/abstract/id.rb:266:in `context'[0m
      [36m# /home/ec2-user/.rvm/gems/ruby-3.1.2/gems/rack-2.2.7/lib/rack/session/abstract/id.rb:260:in `call'[0m
      [36m# /home/ec2-user/.rvm/gems/ruby-3.1.2/gems/railties-6.1.7.3/lib/rails/rack/logger.rb:37:in `call_app'[0m
      [36m# /home/ec2-user/.rvm/gems/ruby-3.1.2/gems/railties-6.1.7.3/lib/rails/rack/logger.rb:26:in `block in call'[0m
      [36m# /home/ec2-user/.rvm/gems/ruby-3.1.2/gems/railties-6.1.7.3/lib/rails/rack/logger.rb:26:in `call'[0m
      [36m# /home/ec2-user/.rvm/gems/ruby-3.1.2/gems/rack-2.2.7/lib/rack/method_override.rb:24:in `call'[0m
      [36m# /home/ec2-user/.rvm/gems/ruby-3.1.2/gems/rack-2.2.7/lib/rack/runtime.rb:22:in `call'[0m
      [36m# /home/ec2-user/.rvm/gems/ruby-3.1.2/gems/rack-2.2.7/lib/rack/sendfile.rb:110:in `call'[0m
      [36m# /home/ec2-user/.rvm/gems/ruby-3.1.2/gems/railties-6.1.7.3/lib/rails/engine.rb:539:in `call'[0m
      [36m# /home/ec2-user/.rvm/gems/ruby-3.1.2/gems/rack-2.2.7/lib/rack/urlmap.rb:74:in `block in call'[0m
      [36m# /home/ec2-user/.rvm/gems/ruby-3.1.2/gems/rack-2.2.7/lib/rack/urlmap.rb:58:in `each'[0m
      [36m# /home/ec2-user/.rvm/gems/ruby-3.1.2/gems/rack-2.2.7/lib/rack/urlmap.rb:58:in `call'[0m
      [36m# /home/ec2-user/.rvm/gems/ruby-3.1.2/gems/rack-2.2.7/lib/rack/builder.rb:244:in `call'[0m
      [36m# /home/ec2-user/.rvm/gems/ruby-3.1.2/gems/rack-test-2.1.0/lib/rack/test.rb:360:in `process_request'[0m
      [36m# /home/ec2-user/.rvm/gems/ruby-3.1.2/gems/rack-test-2.1.0/lib/rack/test.rb:163:in `custom_request'[0m
      [36m# /home/ec2-user/.rvm/gems/ruby-3.1.2/gems/rack-test-2.1.0/lib/rack/test.rb:112:in `post'[0m
      [36m# /home/ec2-user/.rvm/gems/ruby-3.1.2/gems/capybara-3.39.1/lib/capybara/rack_test/browser.rb:80:in `process'[0m
      [36m# /home/ec2-user/.rvm/gems/ruby-3.1.2/gems/capybara-3.39.1/lib/capybara/rack_test/browser.rb:55:in `process_and_follow_redirects'[0m
      [36m# /home/ec2-user/.rvm/gems/ruby-3.1.2/gems/capybara-3.39.1/lib/capybara/rack_test/browser.rb:38:in `submit'[0m
      [36m# /home/ec2-user/.rvm/gems/ruby-3.1.2/gems/capybara-3.39.1/lib/capybara/rack_test/form.rb:57:in `submit'[0m
      [36m# /home/ec2-user/.rvm/gems/ruby-3.1.2/gems/capybara-3.39.1/lib/capybara/rack_test/node.rb:69:in `click'[0m
      [36m# /home/ec2-user/.rvm/gems/ruby-3.1.2/gems/capybara-3.39.1/lib/capybara/rack_test/node.rb:132:in `call'[0m
      [36m# /home/ec2-user/.rvm/gems/ruby-3.1.2/gems/capybara-3.39.1/lib/capybara/rack_test/node.rb:132:in `click'[0m
      [36m# /home/ec2-user/.rvm/gems/ruby-3.1.2/gems/capybara-3.39.1/lib/capybara/node/element.rb:172:in `block in click'[0m
      [36m# /home/ec2-user/.rvm/gems/ruby-3.1.2/gems/capybara-3.39.1/lib/capybara/node/element.rb:608:in `block in perform_click_action'[0m
      [36m# /home/ec2-user/.rvm/gems/ruby-3.1.2/gems/capybara-3.39.1/lib/capybara/node/base.rb:84:in `synchronize'[0m
      [36m# /home/ec2-user/.rvm/gems/ruby-3.1.2/gems/capybara-3.39.1/lib/capybara/node/element.rb:608:in `perform_click_action'[0m
      [36m# /home/ec2-user/.rvm/gems/ruby-3.1.2/gems/capybara-3.39.1/lib/capybara/node/element.rb:171:in `click'[0m
      [36m# /home/ec2-user/.rvm/gems/ruby-3.1.2/gems/capybara-3.39.1/lib/capybara/node/actions.rb:58:in `click_button'[0m
      [36m# /home/ec2-user/.rvm/gems/ruby-3.1.2/gems/capybara-3.39.1/lib/capybara/session.rb:773:in `click_button'[0m
      [36m# /home/ec2-user/.rvm/gems/ruby-3.1.2/gems/capybara-3.39.1/lib/capybara/dsl.rb:52:in `call'[0m
      [36m# /home/ec2-user/.rvm/gems/ruby-3.1.2/gems/capybara-3.39.1/lib/capybara/dsl.rb:52:in `click_button'[0m
      [36m# ./spec/system/02_after_login_spec.rb:393:in `block (4 levels) in <main>'[0m

  12) [STEP2] ユーザログイン後のテスト 自分のユーザ情報編集画面のテスト 更新成功のテスト introductionが正しく更新される
      [31mFailure/Error: if @user.update[0m
      [31m[0m
      [31mArgumentError:[0m
      [31m  wrong number of arguments (given 0, expected 1)[0m
      [36m# ./app/controllers/users_controller.rb:12:in `update'[0m
      [36m# /home/ec2-user/.rvm/gems/ruby-3.1.2/gems/actiontext-6.1.7.3/lib/action_text/rendering.rb:20:in `with_renderer'[0m
      [36m# /home/ec2-user/.rvm/gems/ruby-3.1.2/gems/actiontext-6.1.7.3/lib/action_text/engine.rb:59:in `block (4 levels) in <class:Engine>'[0m
      [36m# /home/ec2-user/.rvm/gems/ruby-3.1.2/gems/warden-1.2.9/lib/warden/manager.rb:36:in `block in call'[0m
      [36m# /home/ec2-user/.rvm/gems/ruby-3.1.2/gems/warden-1.2.9/lib/warden/manager.rb:34:in `catch'[0m
      [36m# /home/ec2-user/.rvm/gems/ruby-3.1.2/gems/warden-1.2.9/lib/warden/manager.rb:34:in `call'[0m
      [36m# /home/ec2-user/.rvm/gems/ruby-3.1.2/gems/rack-2.2.7/lib/rack/tempfile_reaper.rb:15:in `call'[0m
      [36m# /home/ec2-user/.rvm/gems/ruby-3.1.2/gems/rack-2.2.7/lib/rack/etag.rb:27:in `call'[0m
      [36m# /home/ec2-user/.rvm/gems/ruby-3.1.2/gems/rack-2.2.7/lib/rack/conditional_get.rb:40:in `call'[0m
      [36m# /home/ec2-user/.rvm/gems/ruby-3.1.2/gems/rack-2.2.7/lib/rack/head.rb:12:in `call'[0m
      [36m# /home/ec2-user/.rvm/gems/ruby-3.1.2/gems/rack-2.2.7/lib/rack/session/abstract/id.rb:266:in `context'[0m
      [36m# /home/ec2-user/.rvm/gems/ruby-3.1.2/gems/rack-2.2.7/lib/rack/session/abstract/id.rb:260:in `call'[0m
      [36m# /home/ec2-user/.rvm/gems/ruby-3.1.2/gems/railties-6.1.7.3/lib/rails/rack/logger.rb:37:in `call_app'[0m
      [36m# /home/ec2-user/.rvm/gems/ruby-3.1.2/gems/railties-6.1.7.3/lib/rails/rack/logger.rb:26:in `block in call'[0m
      [36m# /home/ec2-user/.rvm/gems/ruby-3.1.2/gems/railties-6.1.7.3/lib/rails/rack/logger.rb:26:in `call'[0m
      [36m# /home/ec2-user/.rvm/gems/ruby-3.1.2/gems/rack-2.2.7/lib/rack/method_override.rb:24:in `call'[0m
      [36m# /home/ec2-user/.rvm/gems/ruby-3.1.2/gems/rack-2.2.7/lib/rack/runtime.rb:22:in `call'[0m
      [36m# /home/ec2-user/.rvm/gems/ruby-3.1.2/gems/rack-2.2.7/lib/rack/sendfile.rb:110:in `call'[0m
      [36m# /home/ec2-user/.rvm/gems/ruby-3.1.2/gems/railties-6.1.7.3/lib/rails/engine.rb:539:in `call'[0m
      [36m# /home/ec2-user/.rvm/gems/ruby-3.1.2/gems/rack-2.2.7/lib/rack/urlmap.rb:74:in `block in call'[0m
      [36m# /home/ec2-user/.rvm/gems/ruby-3.1.2/gems/rack-2.2.7/lib/rack/urlmap.rb:58:in `each'[0m
      [36m# /home/ec2-user/.rvm/gems/ruby-3.1.2/gems/rack-2.2.7/lib/rack/urlmap.rb:58:in `call'[0m
      [36m# /home/ec2-user/.rvm/gems/ruby-3.1.2/gems/rack-2.2.7/lib/rack/builder.rb:244:in `call'[0m
      [36m# /home/ec2-user/.rvm/gems/ruby-3.1.2/gems/rack-test-2.1.0/lib/rack/test.rb:360:in `process_request'[0m
      [36m# /home/ec2-user/.rvm/gems/ruby-3.1.2/gems/rack-test-2.1.0/lib/rack/test.rb:163:in `custom_request'[0m
      [36m# /home/ec2-user/.rvm/gems/ruby-3.1.2/gems/rack-test-2.1.0/lib/rack/test.rb:112:in `post'[0m
      [36m# /home/ec2-user/.rvm/gems/ruby-3.1.2/gems/capybara-3.39.1/lib/capybara/rack_test/browser.rb:80:in `process'[0m
      [36m# /home/ec2-user/.rvm/gems/ruby-3.1.2/gems/capybara-3.39.1/lib/capybara/rack_test/browser.rb:55:in `process_and_follow_redirects'[0m
      [36m# /home/ec2-user/.rvm/gems/ruby-3.1.2/gems/capybara-3.39.1/lib/capybara/rack_test/browser.rb:38:in `submit'[0m
      [36m# /home/ec2-user/.rvm/gems/ruby-3.1.2/gems/capybara-3.39.1/lib/capybara/rack_test/form.rb:57:in `submit'[0m
      [36m# /home/ec2-user/.rvm/gems/ruby-3.1.2/gems/capybara-3.39.1/lib/capybara/rack_test/node.rb:69:in `click'[0m
      [36m# /home/ec2-user/.rvm/gems/ruby-3.1.2/gems/capybara-3.39.1/lib/capybara/rack_test/node.rb:132:in `call'[0m
      [36m# /home/ec2-user/.rvm/gems/ruby-3.1.2/gems/capybara-3.39.1/lib/capybara/rack_test/node.rb:132:in `click'[0m
      [36m# /home/ec2-user/.rvm/gems/ruby-3.1.2/gems/capybara-3.39.1/lib/capybara/node/element.rb:172:in `block in click'[0m
      [36m# /home/ec2-user/.rvm/gems/ruby-3.1.2/gems/capybara-3.39.1/lib/capybara/node/element.rb:608:in `block in perform_click_action'[0m
      [36m# /home/ec2-user/.rvm/gems/ruby-3.1.2/gems/capybara-3.39.1/lib/capybara/node/base.rb:84:in `synchronize'[0m
      [36m# /home/ec2-user/.rvm/gems/ruby-3.1.2/gems/capybara-3.39.1/lib/capybara/node/element.rb:608:in `perform_click_action'[0m
      [36m# /home/ec2-user/.rvm/gems/ruby-3.1.2/gems/capybara-3.39.1/lib/capybara/node/element.rb:171:in `click'[0m
      [36m# /home/ec2-user/.rvm/gems/ruby-3.1.2/gems/capybara-3.39.1/lib/capybara/node/actions.rb:58:in `click_button'[0m
      [36m# /home/ec2-user/.rvm/gems/ruby-3.1.2/gems/capybara-3.39.1/lib/capybara/session.rb:773:in `click_button'[0m
      [36m# /home/ec2-user/.rvm/gems/ruby-3.1.2/gems/capybara-3.39.1/lib/capybara/dsl.rb:52:in `call'[0m
      [36m# /home/ec2-user/.rvm/gems/ruby-3.1.2/gems/capybara-3.39.1/lib/capybara/dsl.rb:52:in `click_button'[0m
      [36m# ./spec/system/02_after_login_spec.rb:393:in `block (4 levels) in <main>'[0m

  13) [STEP2] ユーザログイン後のテスト 自分のユーザ情報編集画面のテスト 更新成功のテスト リダイレクト先が、自分のユーザ詳細画面になっている
      [31mFailure/Error: if @user.update[0m
      [31m[0m
      [31mArgumentError:[0m
      [31m  wrong number of arguments (given 0, expected 1)[0m
      [36m# ./app/controllers/users_controller.rb:12:in `update'[0m
      [36m# /home/ec2-user/.rvm/gems/ruby-3.1.2/gems/actiontext-6.1.7.3/lib/action_text/rendering.rb:20:in `with_renderer'[0m
      [36m# /home/ec2-user/.rvm/gems/ruby-3.1.2/gems/actiontext-6.1.7.3/lib/action_text/engine.rb:59:in `block (4 levels) in <class:Engine>'[0m
      [36m# /home/ec2-user/.rvm/gems/ruby-3.1.2/gems/warden-1.2.9/lib/warden/manager.rb:36:in `block in call'[0m
      [36m# /home/ec2-user/.rvm/gems/ruby-3.1.2/gems/warden-1.2.9/lib/warden/manager.rb:34:in `catch'[0m
      [36m# /home/ec2-user/.rvm/gems/ruby-3.1.2/gems/warden-1.2.9/lib/warden/manager.rb:34:in `call'[0m
      [36m# /home/ec2-user/.rvm/gems/ruby-3.1.2/gems/rack-2.2.7/lib/rack/tempfile_reaper.rb:15:in `call'[0m
      [36m# /home/ec2-user/.rvm/gems/ruby-3.1.2/gems/rack-2.2.7/lib/rack/etag.rb:27:in `call'[0m
      [36m# /home/ec2-user/.rvm/gems/ruby-3.1.2/gems/rack-2.2.7/lib/rack/conditional_get.rb:40:in `call'[0m
      [36m# /home/ec2-user/.rvm/gems/ruby-3.1.2/gems/rack-2.2.7/lib/rack/head.rb:12:in `call'[0m
      [36m# /home/ec2-user/.rvm/gems/ruby-3.1.2/gems/rack-2.2.7/lib/rack/session/abstract/id.rb:266:in `context'[0m
      [36m# /home/ec2-user/.rvm/gems/ruby-3.1.2/gems/rack-2.2.7/lib/rack/session/abstract/id.rb:260:in `call'[0m
      [36m# /home/ec2-user/.rvm/gems/ruby-3.1.2/gems/railties-6.1.7.3/lib/rails/rack/logger.rb:37:in `call_app'[0m
      [36m# /home/ec2-user/.rvm/gems/ruby-3.1.2/gems/railties-6.1.7.3/lib/rails/rack/logger.rb:26:in `block in call'[0m
      [36m# /home/ec2-user/.rvm/gems/ruby-3.1.2/gems/railties-6.1.7.3/lib/rails/rack/logger.rb:26:in `call'[0m
      [36m# /home/ec2-user/.rvm/gems/ruby-3.1.2/gems/rack-2.2.7/lib/rack/method_override.rb:24:in `call'[0m
      [36m# /home/ec2-user/.rvm/gems/ruby-3.1.2/gems/rack-2.2.7/lib/rack/runtime.rb:22:in `call'[0m
      [36m# /home/ec2-user/.rvm/gems/ruby-3.1.2/gems/rack-2.2.7/lib/rack/sendfile.rb:110:in `call'[0m
      [36m# /home/ec2-user/.rvm/gems/ruby-3.1.2/gems/railties-6.1.7.3/lib/rails/engine.rb:539:in `call'[0m
      [36m# /home/ec2-user/.rvm/gems/ruby-3.1.2/gems/rack-2.2.7/lib/rack/urlmap.rb:74:in `block in call'[0m
      [36m# /home/ec2-user/.rvm/gems/ruby-3.1.2/gems/rack-2.2.7/lib/rack/urlmap.rb:58:in `each'[0m
      [36m# /home/ec2-user/.rvm/gems/ruby-3.1.2/gems/rack-2.2.7/lib/rack/urlmap.rb:58:in `call'[0m
      [36m# /home/ec2-user/.rvm/gems/ruby-3.1.2/gems/rack-2.2.7/lib/rack/builder.rb:244:in `call'[0m
      [36m# /home/ec2-user/.rvm/gems/ruby-3.1.2/gems/rack-test-2.1.0/lib/rack/test.rb:360:in `process_request'[0m
      [36m# /home/ec2-user/.rvm/gems/ruby-3.1.2/gems/rack-test-2.1.0/lib/rack/test.rb:163:in `custom_request'[0m
      [36m# /home/ec2-user/.rvm/gems/ruby-3.1.2/gems/rack-test-2.1.0/lib/rack/test.rb:112:in `post'[0m
      [36m# /home/ec2-user/.rvm/gems/ruby-3.1.2/gems/capybara-3.39.1/lib/capybara/rack_test/browser.rb:80:in `process'[0m
      [36m# /home/ec2-user/.rvm/gems/ruby-3.1.2/gems/capybara-3.39.1/lib/capybara/rack_test/browser.rb:55:in `process_and_follow_redirects'[0m
      [36m# /home/ec2-user/.rvm/gems/ruby-3.1.2/gems/capybara-3.39.1/lib/capybara/rack_test/browser.rb:38:in `submit'[0m
      [36m# /home/ec2-user/.rvm/gems/ruby-3.1.2/gems/capybara-3.39.1/lib/capybara/rack_test/form.rb:57:in `submit'[0m
      [36m# /home/ec2-user/.rvm/gems/ruby-3.1.2/gems/capybara-3.39.1/lib/capybara/rack_test/node.rb:69:in `click'[0m
      [36m# /home/ec2-user/.rvm/gems/ruby-3.1.2/gems/capybara-3.39.1/lib/capybara/rack_test/node.rb:132:in `call'[0m
      [36m# /home/ec2-user/.rvm/gems/ruby-3.1.2/gems/capybara-3.39.1/lib/capybara/rack_test/node.rb:132:in `click'[0m
      [36m# /home/ec2-user/.rvm/gems/ruby-3.1.2/gems/capybara-3.39.1/lib/capybara/node/element.rb:172:in `block in click'[0m
      [36m# /home/ec2-user/.rvm/gems/ruby-3.1.2/gems/capybara-3.39.1/lib/capybara/node/element.rb:608:in `block in perform_click_action'[0m
      [36m# /home/ec2-user/.rvm/gems/ruby-3.1.2/gems/capybara-3.39.1/lib/capybara/node/base.rb:84:in `synchronize'[0m
      [36m# /home/ec2-user/.rvm/gems/ruby-3.1.2/gems/capybara-3.39.1/lib/capybara/node/element.rb:608:in `perform_click_action'[0m
      [36m# /home/ec2-user/.rvm/gems/ruby-3.1.2/gems/capybara-3.39.1/lib/capybara/node/element.rb:171:in `click'[0m
      [36m# /home/ec2-user/.rvm/gems/ruby-3.1.2/gems/capybara-3.39.1/lib/capybara/node/actions.rb:58:in `click_button'[0m
      [36m# /home/ec2-user/.rvm/gems/ruby-3.1.2/gems/capybara-3.39.1/lib/capybara/session.rb:773:in `click_button'[0m
      [36m# /home/ec2-user/.rvm/gems/ruby-3.1.2/gems/capybara-3.39.1/lib/capybara/dsl.rb:52:in `call'[0m
      [36m# /home/ec2-user/.rvm/gems/ruby-3.1.2/gems/capybara-3.39.1/lib/capybara/dsl.rb:52:in `click_button'[0m
      [36m# ./spec/system/02_after_login_spec.rb:393:in `block (4 levels) in <main>'[0m

  14) [STEP3] 仕上げのテスト サクセスメッセージのテスト ユーザ新規登録成功時
      [31mFailure/Error: is_expected.to have_content 'successfully'[0m
      [31m  expected to find text "successfully" in "Bookers\nHome About Sign up Log in\nSign up\n1 error prohibited this user from being saved:\nEmail can't be blank\nName\nEmail\nPassword (6 characters minimum)\nPassword confirmation\nLog in\nCopyRight Infratop.inc"[0m
      [36m# ./spec/system/03_finishing_touches_spec.rb:19:in `block (3 levels) in <main>'[0m

  15) [STEP3] 仕上げのテスト サクセスメッセージのテスト ユーザのプロフィール情報更新成功時
      [31mFailure/Error: if @user.update[0m
      [31m[0m
      [31mArgumentError:[0m
      [31m  wrong number of arguments (given 0, expected 1)[0m
      [36m# ./app/controllers/users_controller.rb:12:in `update'[0m
      [36m# /home/ec2-user/.rvm/gems/ruby-3.1.2/gems/actiontext-6.1.7.3/lib/action_text/rendering.rb:20:in `with_renderer'[0m
      [36m# /home/ec2-user/.rvm/gems/ruby-3.1.2/gems/actiontext-6.1.7.3/lib/action_text/engine.rb:59:in `block (4 levels) in <class:Engine>'[0m
      [36m# /home/ec2-user/.rvm/gems/ruby-3.1.2/gems/warden-1.2.9/lib/warden/manager.rb:36:in `block in call'[0m
      [36m# /home/ec2-user/.rvm/gems/ruby-3.1.2/gems/warden-1.2.9/lib/warden/manager.rb:34:in `catch'[0m
      [36m# /home/ec2-user/.rvm/gems/ruby-3.1.2/gems/warden-1.2.9/lib/warden/manager.rb:34:in `call'[0m
      [36m# /home/ec2-user/.rvm/gems/ruby-3.1.2/gems/rack-2.2.7/lib/rack/tempfile_reaper.rb:15:in `call'[0m
      [36m# /home/ec2-user/.rvm/gems/ruby-3.1.2/gems/rack-2.2.7/lib/rack/etag.rb:27:in `call'[0m
      [36m# /home/ec2-user/.rvm/gems/ruby-3.1.2/gems/rack-2.2.7/lib/rack/conditional_get.rb:40:in `call'[0m
      [36m# /home/ec2-user/.rvm/gems/ruby-3.1.2/gems/rack-2.2.7/lib/rack/head.rb:12:in `call'[0m
      [36m# /home/ec2-user/.rvm/gems/ruby-3.1.2/gems/rack-2.2.7/lib/rack/session/abstract/id.rb:266:in `context'[0m
      [36m# /home/ec2-user/.rvm/gems/ruby-3.1.2/gems/rack-2.2.7/lib/rack/session/abstract/id.rb:260:in `call'[0m
      [36m# /home/ec2-user/.rvm/gems/ruby-3.1.2/gems/railties-6.1.7.3/lib/rails/rack/logger.rb:37:in `call_app'[0m
      [36m# /home/ec2-user/.rvm/gems/ruby-3.1.2/gems/railties-6.1.7.3/lib/rails/rack/logger.rb:26:in `block in call'[0m
      [36m# /home/ec2-user/.rvm/gems/ruby-3.1.2/gems/railties-6.1.7.3/lib/rails/rack/logger.rb:26:in `call'[0m
      [36m# /home/ec2-user/.rvm/gems/ruby-3.1.2/gems/rack-2.2.7/lib/rack/method_override.rb:24:in `call'[0m
      [36m# /home/ec2-user/.rvm/gems/ruby-3.1.2/gems/rack-2.2.7/lib/rack/runtime.rb:22:in `call'[0m
      [36m# /home/ec2-user/.rvm/gems/ruby-3.1.2/gems/rack-2.2.7/lib/rack/sendfile.rb:110:in `call'[0m
      [36m# /home/ec2-user/.rvm/gems/ruby-3.1.2/gems/railties-6.1.7.3/lib/rails/engine.rb:539:in `call'[0m
      [36m# /home/ec2-user/.rvm/gems/ruby-3.1.2/gems/rack-2.2.7/lib/rack/urlmap.rb:74:in `block in call'[0m
      [36m# /home/ec2-user/.rvm/gems/ruby-3.1.2/gems/rack-2.2.7/lib/rack/urlmap.rb:58:in `each'[0m
      [36m# /home/ec2-user/.rvm/gems/ruby-3.1.2/gems/rack-2.2.7/lib/rack/urlmap.rb:58:in `call'[0m
      [36m# /home/ec2-user/.rvm/gems/ruby-3.1.2/gems/rack-2.2.7/lib/rack/builder.rb:244:in `call'[0m
      [36m# /home/ec2-user/.rvm/gems/ruby-3.1.2/gems/rack-test-2.1.0/lib/rack/test.rb:360:in `process_request'[0m
      [36m# /home/ec2-user/.rvm/gems/ruby-3.1.2/gems/rack-test-2.1.0/lib/rack/test.rb:163:in `custom_request'[0m
      [36m# /home/ec2-user/.rvm/gems/ruby-3.1.2/gems/rack-test-2.1.0/lib/rack/test.rb:112:in `post'[0m
      [36m# /home/ec2-user/.rvm/gems/ruby-3.1.2/gems/capybara-3.39.1/lib/capybara/rack_test/browser.rb:80:in `process'[0m
      [36m# /home/ec2-user/.rvm/gems/ruby-3.1.2/gems/capybara-3.39.1/lib/capybara/rack_test/browser.rb:55:in `process_and_follow_redirects'[0m
      [36m# /home/ec2-user/.rvm/gems/ruby-3.1.2/gems/capybara-3.39.1/lib/capybara/rack_test/browser.rb:38:in `submit'[0m
      [36m# /home/ec2-user/.rvm/gems/ruby-3.1.2/gems/capybara-3.39.1/lib/capybara/rack_test/form.rb:57:in `submit'[0m
      [36m# /home/ec2-user/.rvm/gems/ruby-3.1.2/gems/capybara-3.39.1/lib/capybara/rack_test/node.rb:69:in `click'[0m
      [36m# /home/ec2-user/.rvm/gems/ruby-3.1.2/gems/capybara-3.39.1/lib/capybara/rack_test/node.rb:132:in `call'[0m
      [36m# /home/ec2-user/.rvm/gems/ruby-3.1.2/gems/capybara-3.39.1/lib/capybara/rack_test/node.rb:132:in `click'[0m
      [36m# /home/ec2-user/.rvm/gems/ruby-3.1.2/gems/capybara-3.39.1/lib/capybara/node/element.rb:172:in `block in click'[0m
      [36m# /home/ec2-user/.rvm/gems/ruby-3.1.2/gems/capybara-3.39.1/lib/capybara/node/element.rb:608:in `block in perform_click_action'[0m
      [36m# /home/ec2-user/.rvm/gems/ruby-3.1.2/gems/capybara-3.39.1/lib/capybara/node/base.rb:84:in `synchronize'[0m
      [36m# /home/ec2-user/.rvm/gems/ruby-3.1.2/gems/capybara-3.39.1/lib/capybara/node/element.rb:608:in `perform_click_action'[0m
      [36m# /home/ec2-user/.rvm/gems/ruby-3.1.2/gems/capybara-3.39.1/lib/capybara/node/element.rb:171:in `click'[0m
      [36m# /home/ec2-user/.rvm/gems/ruby-3.1.2/gems/capybara-3.39.1/lib/capybara/node/actions.rb:58:in `click_button'[0m
      [36m# /home/ec2-user/.rvm/gems/ruby-3.1.2/gems/capybara-3.39.1/lib/capybara/session.rb:773:in `click_button'[0m
      [36m# /home/ec2-user/.rvm/gems/ruby-3.1.2/gems/capybara-3.39.1/lib/capybara/dsl.rb:52:in `call'[0m
      [36m# /home/ec2-user/.rvm/gems/ruby-3.1.2/gems/capybara-3.39.1/lib/capybara/dsl.rb:52:in `click_button'[0m
      [36m# ./spec/system/03_finishing_touches_spec.rb:44:in `block (3 levels) in <main>'[0m

  16) [STEP3] 仕上げのテスト サクセスメッセージのテスト 投稿データの新規投稿成功時: 投稿一覧画面から行います。
      [31mFailure/Error: is_expected.to have_content 'successfully'[0m
      [31m  expected to find text "successfully" in "Bookers\nHome Users Books Log-out\nUser Info\nname g2b1ohfmkj 　 　 introduction 　 vdinzcm6hf5a3tilwkbc 　 　\nNew book\nTitle\nOpinion\nBooks\nTitle Opinion agyep ns8jn81ab5q7efa8pvie uvbrq plda6vg9w13b95ws5uol\nCopyRight Infratop.inc"[0m
      [36m# ./spec/system/03_finishing_touches_spec.rb:56:in `block (3 levels) in <main>'[0m

  17) [STEP3] 仕上げのテスト 処理失敗時のテスト ユーザ新規登録失敗: nameを1文字にする 新規登録画面を表示しており、フォームの内容が正しい
      [31mFailure/Error: expect(page).to have_field 'user[email]', with: @email[0m
      [31m  expected to find visible field "user[email]" that is not disabled with value "ahortense@baumbach.example" but there were no matches. Also found "", which matched the selector but not all filters. Expected value to be "ahortense@baumbach.example" but was ""[0m
      [36m# ./spec/system/03_finishing_touches_spec.rb:88:in `block (4 levels) in <main>'[0m

  18) [STEP3] 仕上げのテスト 処理失敗時のテスト ユーザのプロフィール情報編集失敗: nameを1文字にする 更新されない
      [31mFailure/Error: if @user.update[0m
      [31m[0m
      [31mArgumentError:[0m
      [31m  wrong number of arguments (given 0, expected 1)[0m
      [36m# ./app/controllers/users_controller.rb:12:in `update'[0m
      [36m# /home/ec2-user/.rvm/gems/ruby-3.1.2/gems/actiontext-6.1.7.3/lib/action_text/rendering.rb:20:in `with_renderer'[0m
      [36m# /home/ec2-user/.rvm/gems/ruby-3.1.2/gems/actiontext-6.1.7.3/lib/action_text/engine.rb:59:in `block (4 levels) in <class:Engine>'[0m
      [36m# /home/ec2-user/.rvm/gems/ruby-3.1.2/gems/warden-1.2.9/lib/warden/manager.rb:36:in `block in call'[0m
      [36m# /home/ec2-user/.rvm/gems/ruby-3.1.2/gems/warden-1.2.9/lib/warden/manager.rb:34:in `catch'[0m
      [36m# /home/ec2-user/.rvm/gems/ruby-3.1.2/gems/warden-1.2.9/lib/warden/manager.rb:34:in `call'[0m
      [36m# /home/ec2-user/.rvm/gems/ruby-3.1.2/gems/rack-2.2.7/lib/rack/tempfile_reaper.rb:15:in `call'[0m
      [36m# /home/ec2-user/.rvm/gems/ruby-3.1.2/gems/rack-2.2.7/lib/rack/etag.rb:27:in `call'[0m
      [36m# /home/ec2-user/.rvm/gems/ruby-3.1.2/gems/rack-2.2.7/lib/rack/conditional_get.rb:40:in `call'[0m
      [36m# /home/ec2-user/.rvm/gems/ruby-3.1.2/gems/rack-2.2.7/lib/rack/head.rb:12:in `call'[0m
      [36m# /home/ec2-user/.rvm/gems/ruby-3.1.2/gems/rack-2.2.7/lib/rack/session/abstract/id.rb:266:in `context'[0m
      [36m# /home/ec2-user/.rvm/gems/ruby-3.1.2/gems/rack-2.2.7/lib/rack/session/abstract/id.rb:260:in `call'[0m
      [36m# /home/ec2-user/.rvm/gems/ruby-3.1.2/gems/railties-6.1.7.3/lib/rails/rack/logger.rb:37:in `call_app'[0m
      [36m# /home/ec2-user/.rvm/gems/ruby-3.1.2/gems/railties-6.1.7.3/lib/rails/rack/logger.rb:26:in `block in call'[0m
      [36m# /home/ec2-user/.rvm/gems/ruby-3.1.2/gems/railties-6.1.7.3/lib/rails/rack/logger.rb:26:in `call'[0m
      [36m# /home/ec2-user/.rvm/gems/ruby-3.1.2/gems/rack-2.2.7/lib/rack/method_override.rb:24:in `call'[0m
      [36m# /home/ec2-user/.rvm/gems/ruby-3.1.2/gems/rack-2.2.7/lib/rack/runtime.rb:22:in `call'[0m
      [36m# /home/ec2-user/.rvm/gems/ruby-3.1.2/gems/rack-2.2.7/lib/rack/sendfile.rb:110:in `call'[0m
      [36m# /home/ec2-user/.rvm/gems/ruby-3.1.2/gems/railties-6.1.7.3/lib/rails/engine.rb:539:in `call'[0m
      [36m# /home/ec2-user/.rvm/gems/ruby-3.1.2/gems/rack-2.2.7/lib/rack/urlmap.rb:74:in `block in call'[0m
      [36m# /home/ec2-user/.rvm/gems/ruby-3.1.2/gems/rack-2.2.7/lib/rack/urlmap.rb:58:in `each'[0m
      [36m# /home/ec2-user/.rvm/gems/ruby-3.1.2/gems/rack-2.2.7/lib/rack/urlmap.rb:58:in `call'[0m
      [36m# /home/ec2-user/.rvm/gems/ruby-3.1.2/gems/rack-2.2.7/lib/rack/builder.rb:244:in `call'[0m
      [36m# /home/ec2-user/.rvm/gems/ruby-3.1.2/gems/rack-test-2.1.0/lib/rack/test.rb:360:in `process_request'[0m
      [36m# /home/ec2-user/.rvm/gems/ruby-3.1.2/gems/rack-test-2.1.0/lib/rack/test.rb:163:in `custom_request'[0m
      [36m# /home/ec2-user/.rvm/gems/ruby-3.1.2/gems/rack-test-2.1.0/lib/rack/test.rb:112:in `post'[0m
      [36m# /home/ec2-user/.rvm/gems/ruby-3.1.2/gems/capybara-3.39.1/lib/capybara/rack_test/browser.rb:80:in `process'[0m
      [36m# /home/ec2-user/.rvm/gems/ruby-3.1.2/gems/capybara-3.39.1/lib/capybara/rack_test/browser.rb:55:in `process_and_follow_redirects'[0m
      [36m# /home/ec2-user/.rvm/gems/ruby-3.1.2/gems/capybara-3.39.1/lib/capybara/rack_test/browser.rb:38:in `submit'[0m
      [36m# /home/ec2-user/.rvm/gems/ruby-3.1.2/gems/capybara-3.39.1/lib/capybara/rack_test/form.rb:57:in `submit'[0m
      [36m# /home/ec2-user/.rvm/gems/ruby-3.1.2/gems/capybara-3.39.1/lib/capybara/rack_test/node.rb:69:in `click'[0m
      [36m# /home/ec2-user/.rvm/gems/ruby-3.1.2/gems/capybara-3.39.1/lib/capybara/rack_test/node.rb:132:in `call'[0m
      [36m# /home/ec2-user/.rvm/gems/ruby-3.1.2/gems/capybara-3.39.1/lib/capybara/rack_test/node.rb:132:in `click'[0m
      [36m# /home/ec2-user/.rvm/gems/ruby-3.1.2/gems/capybara-3.39.1/lib/capybara/node/element.rb:172:in `block in click'[0m
      [36m# /home/ec2-user/.rvm/gems/ruby-3.1.2/gems/capybara-3.39.1/lib/capybara/node/element.rb:608:in `block in perform_click_action'[0m
      [36m# /home/ec2-user/.rvm/gems/ruby-3.1.2/gems/capybara-3.39.1/lib/capybara/node/base.rb:84:in `synchronize'[0m
      [36m# /home/ec2-user/.rvm/gems/ruby-3.1.2/gems/capybara-3.39.1/lib/capybara/node/element.rb:608:in `perform_click_action'[0m
      [36m# /home/ec2-user/.rvm/gems/ruby-3.1.2/gems/capybara-3.39.1/lib/capybara/node/element.rb:171:in `click'[0m
      [36m# /home/ec2-user/.rvm/gems/ruby-3.1.2/gems/capybara-3.39.1/lib/capybara/node/actions.rb:58:in `click_button'[0m
      [36m# /home/ec2-user/.rvm/gems/ruby-3.1.2/gems/capybara-3.39.1/lib/capybara/session.rb:773:in `click_button'[0m
      [36m# /home/ec2-user/.rvm/gems/ruby-3.1.2/gems/capybara-3.39.1/lib/capybara/dsl.rb:52:in `call'[0m
      [36m# /home/ec2-user/.rvm/gems/ruby-3.1.2/gems/capybara-3.39.1/lib/capybara/dsl.rb:52:in `click_button'[0m
      [36m# ./spec/system/03_finishing_touches_spec.rb:106:in `block (4 levels) in <main>'[0m

  19) [STEP3] 仕上げのテスト 処理失敗時のテスト ユーザのプロフィール情報編集失敗: nameを1文字にする ユーザ編集画面を表示しており、フォームの内容が正しい
      [31mFailure/Error: if @user.update[0m
      [31m[0m
      [31mArgumentError:[0m
      [31m  wrong number of arguments (given 0, expected 1)[0m
      [36m# ./app/controllers/users_controller.rb:12:in `update'[0m
      [36m# /home/ec2-user/.rvm/gems/ruby-3.1.2/gems/actiontext-6.1.7.3/lib/action_text/rendering.rb:20:in `with_renderer'[0m
      [36m# /home/ec2-user/.rvm/gems/ruby-3.1.2/gems/actiontext-6.1.7.3/lib/action_text/engine.rb:59:in `block (4 levels) in <class:Engine>'[0m
      [36m# /home/ec2-user/.rvm/gems/ruby-3.1.2/gems/warden-1.2.9/lib/warden/manager.rb:36:in `block in call'[0m
      [36m# /home/ec2-user/.rvm/gems/ruby-3.1.2/gems/warden-1.2.9/lib/warden/manager.rb:34:in `catch'[0m
      [36m# /home/ec2-user/.rvm/gems/ruby-3.1.2/gems/warden-1.2.9/lib/warden/manager.rb:34:in `call'[0m
      [36m# /home/ec2-user/.rvm/gems/ruby-3.1.2/gems/rack-2.2.7/lib/rack/tempfile_reaper.rb:15:in `call'[0m
      [36m# /home/ec2-user/.rvm/gems/ruby-3.1.2/gems/rack-2.2.7/lib/rack/etag.rb:27:in `call'[0m
      [36m# /home/ec2-user/.rvm/gems/ruby-3.1.2/gems/rack-2.2.7/lib/rack/conditional_get.rb:40:in `call'[0m
      [36m# /home/ec2-user/.rvm/gems/ruby-3.1.2/gems/rack-2.2.7/lib/rack/head.rb:12:in `call'[0m
      [36m# /home/ec2-user/.rvm/gems/ruby-3.1.2/gems/rack-2.2.7/lib/rack/session/abstract/id.rb:266:in `context'[0m
      [36m# /home/ec2-user/.rvm/gems/ruby-3.1.2/gems/rack-2.2.7/lib/rack/session/abstract/id.rb:260:in `call'[0m
      [36m# /home/ec2-user/.rvm/gems/ruby-3.1.2/gems/railties-6.1.7.3/lib/rails/rack/logger.rb:37:in `call_app'[0m
      [36m# /home/ec2-user/.rvm/gems/ruby-3.1.2/gems/railties-6.1.7.3/lib/rails/rack/logger.rb:26:in `block in call'[0m
      [36m# /home/ec2-user/.rvm/gems/ruby-3.1.2/gems/railties-6.1.7.3/lib/rails/rack/logger.rb:26:in `call'[0m
      [36m# /home/ec2-user/.rvm/gems/ruby-3.1.2/gems/rack-2.2.7/lib/rack/method_override.rb:24:in `call'[0m
      [36m# /home/ec2-user/.rvm/gems/ruby-3.1.2/gems/rack-2.2.7/lib/rack/runtime.rb:22:in `call'[0m
      [36m# /home/ec2-user/.rvm/gems/ruby-3.1.2/gems/rack-2.2.7/lib/rack/sendfile.rb:110:in `call'[0m
      [36m# /home/ec2-user/.rvm/gems/ruby-3.1.2/gems/railties-6.1.7.3/lib/rails/engine.rb:539:in `call'[0m
      [36m# /home/ec2-user/.rvm/gems/ruby-3.1.2/gems/rack-2.2.7/lib/rack/urlmap.rb:74:in `block in call'[0m
      [36m# /home/ec2-user/.rvm/gems/ruby-3.1.2/gems/rack-2.2.7/lib/rack/urlmap.rb:58:in `each'[0m
      [36m# /home/ec2-user/.rvm/gems/ruby-3.1.2/gems/rack-2.2.7/lib/rack/urlmap.rb:58:in `call'[0m
      [36m# /home/ec2-user/.rvm/gems/ruby-3.1.2/gems/rack-2.2.7/lib/rack/builder.rb:244:in `call'[0m
      [36m# /home/ec2-user/.rvm/gems/ruby-3.1.2/gems/rack-test-2.1.0/lib/rack/test.rb:360:in `process_request'[0m
      [36m# /home/ec2-user/.rvm/gems/ruby-3.1.2/gems/rack-test-2.1.0/lib/rack/test.rb:163:in `custom_request'[0m
      [36m# /home/ec2-user/.rvm/gems/ruby-3.1.2/gems/rack-test-2.1.0/lib/rack/test.rb:112:in `post'[0m
      [36m# /home/ec2-user/.rvm/gems/ruby-3.1.2/gems/capybara-3.39.1/lib/capybara/rack_test/browser.rb:80:in `process'[0m
      [36m# /home/ec2-user/.rvm/gems/ruby-3.1.2/gems/capybara-3.39.1/lib/capybara/rack_test/browser.rb:55:in `process_and_follow_redirects'[0m
      [36m# /home/ec2-user/.rvm/gems/ruby-3.1.2/gems/capybara-3.39.1/lib/capybara/rack_test/browser.rb:38:in `submit'[0m
      [36m# /home/ec2-user/.rvm/gems/ruby-3.1.2/gems/capybara-3.39.1/lib/capybara/rack_test/form.rb:57:in `submit'[0m
      [36m# /home/ec2-user/.rvm/gems/ruby-3.1.2/gems/capybara-3.39.1/lib/capybara/rack_test/node.rb:69:in `click'[0m
      [36m# /home/ec2-user/.rvm/gems/ruby-3.1.2/gems/capybara-3.39.1/lib/capybara/rack_test/node.rb:132:in `call'[0m
      [36m# /home/ec2-user/.rvm/gems/ruby-3.1.2/gems/capybara-3.39.1/lib/capybara/rack_test/node.rb:132:in `click'[0m
      [36m# /home/ec2-user/.rvm/gems/ruby-3.1.2/gems/capybara-3.39.1/lib/capybara/node/element.rb:172:in `block in click'[0m
      [36m# /home/ec2-user/.rvm/gems/ruby-3.1.2/gems/capybara-3.39.1/lib/capybara/node/element.rb:608:in `block in perform_click_action'[0m
      [36m# /home/ec2-user/.rvm/gems/ruby-3.1.2/gems/capybara-3.39.1/lib/capybara/node/base.rb:84:in `synchronize'[0m
      [36m# /home/ec2-user/.rvm/gems/ruby-3.1.2/gems/capybara-3.39.1/lib/capybara/node/element.rb:608:in `perform_click_action'[0m
      [36m# /home/ec2-user/.rvm/gems/ruby-3.1.2/gems/capybara-3.39.1/lib/capybara/node/element.rb:171:in `click'[0m
      [36m# /home/ec2-user/.rvm/gems/ruby-3.1.2/gems/capybara-3.39.1/lib/capybara/node/actions.rb:58:in `click_button'[0m
      [36m# /home/ec2-user/.rvm/gems/ruby-3.1.2/gems/capybara-3.39.1/lib/capybara/session.rb:773:in `click_button'[0m
      [36m# /home/ec2-user/.rvm/gems/ruby-3.1.2/gems/capybara-3.39.1/lib/capybara/dsl.rb:52:in `call'[0m
      [36m# /home/ec2-user/.rvm/gems/ruby-3.1.2/gems/capybara-3.39.1/lib/capybara/dsl.rb:52:in `click_button'[0m
      [36m# ./spec/system/03_finishing_touches_spec.rb:106:in `block (4 levels) in <main>'[0m

  20) [STEP3] 仕上げのテスト 処理失敗時のテスト ユーザのプロフィール情報編集失敗: nameを1文字にする バリデーションエラーが表示される
      [31mFailure/Error: if @user.update[0m
      [31m[0m
      [31mArgumentError:[0m
      [31m  wrong number of arguments (given 0, expected 1)[0m
      [36m# ./app/controllers/users_controller.rb:12:in `update'[0m
      [36m# /home/ec2-user/.rvm/gems/ruby-3.1.2/gems/actiontext-6.1.7.3/lib/action_text/rendering.rb:20:in `with_renderer'[0m
      [36m# /home/ec2-user/.rvm/gems/ruby-3.1.2/gems/actiontext-6.1.7.3/lib/action_text/engine.rb:59:in `block (4 levels) in <class:Engine>'[0m
      [36m# /home/ec2-user/.rvm/gems/ruby-3.1.2/gems/warden-1.2.9/lib/warden/manager.rb:36:in `block in call'[0m
      [36m# /home/ec2-user/.rvm/gems/ruby-3.1.2/gems/warden-1.2.9/lib/warden/manager.rb:34:in `catch'[0m
      [36m# /home/ec2-user/.rvm/gems/ruby-3.1.2/gems/warden-1.2.9/lib/warden/manager.rb:34:in `call'[0m
      [36m# /home/ec2-user/.rvm/gems/ruby-3.1.2/gems/rack-2.2.7/lib/rack/tempfile_reaper.rb:15:in `call'[0m
      [36m# /home/ec2-user/.rvm/gems/ruby-3.1.2/gems/rack-2.2.7/lib/rack/etag.rb:27:in `call'[0m
      [36m# /home/ec2-user/.rvm/gems/ruby-3.1.2/gems/rack-2.2.7/lib/rack/conditional_get.rb:40:in `call'[0m
      [36m# /home/ec2-user/.rvm/gems/ruby-3.1.2/gems/rack-2.2.7/lib/rack/head.rb:12:in `call'[0m
      [36m# /home/ec2-user/.rvm/gems/ruby-3.1.2/gems/rack-2.2.7/lib/rack/session/abstract/id.rb:266:in `context'[0m
      [36m# /home/ec2-user/.rvm/gems/ruby-3.1.2/gems/rack-2.2.7/lib/rack/session/abstract/id.rb:260:in `call'[0m
      [36m# /home/ec2-user/.rvm/gems/ruby-3.1.2/gems/railties-6.1.7.3/lib/rails/rack/logger.rb:37:in `call_app'[0m
      [36m# /home/ec2-user/.rvm/gems/ruby-3.1.2/gems/railties-6.1.7.3/lib/rails/rack/logger.rb:26:in `block in call'[0m
      [36m# /home/ec2-user/.rvm/gems/ruby-3.1.2/gems/railties-6.1.7.3/lib/rails/rack/logger.rb:26:in `call'[0m
      [36m# /home/ec2-user/.rvm/gems/ruby-3.1.2/gems/rack-2.2.7/lib/rack/method_override.rb:24:in `call'[0m
      [36m# /home/ec2-user/.rvm/gems/ruby-3.1.2/gems/rack-2.2.7/lib/rack/runtime.rb:22:in `call'[0m
      [36m# /home/ec2-user/.rvm/gems/ruby-3.1.2/gems/rack-2.2.7/lib/rack/sendfile.rb:110:in `call'[0m
      [36m# /home/ec2-user/.rvm/gems/ruby-3.1.2/gems/railties-6.1.7.3/lib/rails/engine.rb:539:in `call'[0m
      [36m# /home/ec2-user/.rvm/gems/ruby-3.1.2/gems/rack-2.2.7/lib/rack/urlmap.rb:74:in `block in call'[0m
      [36m# /home/ec2-user/.rvm/gems/ruby-3.1.2/gems/rack-2.2.7/lib/rack/urlmap.rb:58:in `each'[0m
      [36m# /home/ec2-user/.rvm/gems/ruby-3.1.2/gems/rack-2.2.7/lib/rack/urlmap.rb:58:in `call'[0m
      [36m# /home/ec2-user/.rvm/gems/ruby-3.1.2/gems/rack-2.2.7/lib/rack/builder.rb:244:in `call'[0m
      [36m# /home/ec2-user/.rvm/gems/ruby-3.1.2/gems/rack-test-2.1.0/lib/rack/test.rb:360:in `process_request'[0m
      [36m# /home/ec2-user/.rvm/gems/ruby-3.1.2/gems/rack-test-2.1.0/lib/rack/test.rb:163:in `custom_request'[0m
      [36m# /home/ec2-user/.rvm/gems/ruby-3.1.2/gems/rack-test-2.1.0/lib/rack/test.rb:112:in `post'[0m
      [36m# /home/ec2-user/.rvm/gems/ruby-3.1.2/gems/capybara-3.39.1/lib/capybara/rack_test/browser.rb:80:in `process'[0m
      [36m# /home/ec2-user/.rvm/gems/ruby-3.1.2/gems/capybara-3.39.1/lib/capybara/rack_test/browser.rb:55:in `process_and_follow_redirects'[0m
      [36m# /home/ec2-user/.rvm/gems/ruby-3.1.2/gems/capybara-3.39.1/lib/capybara/rack_test/browser.rb:38:in `submit'[0m
      [36m# /home/ec2-user/.rvm/gems/ruby-3.1.2/gems/capybara-3.39.1/lib/capybara/rack_test/form.rb:57:in `submit'[0m
      [36m# /home/ec2-user/.rvm/gems/ruby-3.1.2/gems/capybara-3.39.1/lib/capybara/rack_test/node.rb:69:in `click'[0m
      [36m# /home/ec2-user/.rvm/gems/ruby-3.1.2/gems/capybara-3.39.1/lib/capybara/rack_test/node.rb:132:in `call'[0m
      [36m# /home/ec2-user/.rvm/gems/ruby-3.1.2/gems/capybara-3.39.1/lib/capybara/rack_test/node.rb:132:in `click'[0m
      [36m# /home/ec2-user/.rvm/gems/ruby-3.1.2/gems/capybara-3.39.1/lib/capybara/node/element.rb:172:in `block in click'[0m
      [36m# /home/ec2-user/.rvm/gems/ruby-3.1.2/gems/capybara-3.39.1/lib/capybara/node/element.rb:608:in `block in perform_click_action'[0m
      [36m# /home/ec2-user/.rvm/gems/ruby-3.1.2/gems/capybara-3.39.1/lib/capybara/node/base.rb:84:in `synchronize'[0m
      [36m# /home/ec2-user/.rvm/gems/ruby-3.1.2/gems/capybara-3.39.1/lib/capybara/node/element.rb:608:in `perform_click_action'[0m
      [36m# /home/ec2-user/.rvm/gems/ruby-3.1.2/gems/capybara-3.39.1/lib/capybara/node/element.rb:171:in `click'[0m
      [36m# /home/ec2-user/.rvm/gems/ruby-3.1.2/gems/capybara-3.39.1/lib/capybara/node/actions.rb:58:in `click_button'[0m
      [36m# /home/ec2-user/.rvm/gems/ruby-3.1.2/gems/capybara-3.39.1/lib/capybara/session.rb:773:in `click_button'[0m
      [36m# /home/ec2-user/.rvm/gems/ruby-3.1.2/gems/capybara-3.39.1/lib/capybara/dsl.rb:52:in `call'[0m
      [36m# /home/ec2-user/.rvm/gems/ruby-3.1.2/gems/capybara-3.39.1/lib/capybara/dsl.rb:52:in `click_button'[0m
      [36m# ./spec/system/03_finishing_touches_spec.rb:106:in `block (4 levels) in <main>'[0m

  21) [STEP3] 仕上げのテスト 処理失敗時のテスト 投稿データの新規投稿失敗: 投稿一覧画面から行い、titleを空にする バリデーションエラーが表示される
      [31mFailure/Error: expect(page).to have_content "can't be blank"[0m
      [31m  expected to find text "can't be blank" in "Bookers\nHome Users Books Log-out\nUser Info\nname 7jma3mofi8 　 　 introduction 　 510rj2asgnctheorth2a 　 　\nNew book\nTitle\nOpinion\nBooks\nTitle Opinion hynw4 77mswj9zgt0zy4c8otev v3ukj apfv9ckz11gd4fmjqct8\nCopyRight Infratop.inc"[0m
      [36m# ./spec/system/03_finishing_touches_spec.rb:146:in `block (4 levels) in <main>'[0m

  22) [STEP3] 仕上げのテスト 処理失敗時のテスト 投稿データの更新失敗: titleを空にする エラーメッセージが表示される
      [31mFailure/Error: expect(page).to have_content 'error'[0m
      [31m  expected to find text "error" in "Bookers\nHome Users Books Log-out\nEditing Book\nTitle\nOpinion\ndiji5odi0tdzxk9cpds4\nShow Back\nCopyRight Infratop.inc"[0m
      [36m# ./spec/system/03_finishing_touches_spec.rb:171:in `block (4 levels) in <main>'[0m

  23) [STEP3] 仕上げのテスト 他人の画面のテスト 他人の投稿詳細画面のテスト サイドバーの確認 他人のユーザ編集画面へのリンクが存在する
      [31mFailure/Error: expect(page).to have_link '', href: edit_user_path(other_user)[0m
      [31m  expected to find link "" with href "/users/2/edit" but there were no matches[0m
      [36m# ./spec/system/03_finishing_touches_spec.rb:248:in `block (5 levels) in <main>'[0m

  24) [STEP3] 仕上げのテスト 他人の画面のテスト 他人の投稿詳細画面のテスト サイドバーの確認 自分のユーザ編集画面へのリンクは存在しない
      [31mFailure/Error: expect(page).not_to have_link '', href: edit_user_path(user)[0m
      [31m  expected not to find visible link "" with href "/users/1/edit", found 1 match: ""[0m
      [36m# ./spec/system/03_finishing_touches_spec.rb:255:in `block (5 levels) in <main>'[0m

  25) [STEP3] 仕上げのテスト 他人の画面のテスト 他人の投稿編集画面 遷移できず、投稿一覧画面にリダイレクトされる
      [31mFailure/Error: expect(current_path).to eq '/books'[0m
      [31m[0m
      [31m  expected: "/books"[0m
      [31m       got: "/books/2/edit"[0m
      [31m[0m
      [31m  (compared using ==)[0m
      [36m# ./spec/system/03_finishing_touches_spec.rb:263:in `block (4 levels) in <main>'[0m

  26) [STEP3] 仕上げのテスト 他人の画面のテスト 他人のユーザ詳細画面のテスト 表示の確認 投稿一覧のユーザ画像のリンク先が正しい
      [31mFailure/Error: expect(page).to have_link '', href: user_path(other_user)[0m
      [31m  expected to find link "" with href "/users/2" but there were no matches[0m
      [36m# ./spec/system/03_finishing_touches_spec.rb:277:in `block (5 levels) in <main>'[0m

  27) [STEP3] 仕上げのテスト 他人の画面のテスト 他人のユーザ詳細画面のテスト サイドバーの確認 他人のユーザ編集画面へのリンクが存在する
      [31mFailure/Error: expect(page).to have_link '', href: edit_user_path(other_user)[0m
      [31m  expected to find link "" with href "/users/2/edit" but there were no matches[0m
      [36m# ./spec/system/03_finishing_touches_spec.rb:297:in `block (5 levels) in <main>'[0m

  28) [STEP3] 仕上げのテスト 他人の画面のテスト 他人のユーザ詳細画面のテスト サイドバーの確認 自分のユーザ編集画面へのリンクは存在しない
      [31mFailure/Error: expect(page).not_to have_link '', href: edit_user_path(user)[0m
      [31m  expected not to find visible link "" with href "/users/1/edit", found 1 match: ""[0m
      [36m# ./spec/system/03_finishing_touches_spec.rb:304:in `block (5 levels) in <main>'[0m

  29) [STEP3] 仕上げのテスト 他人の画面のテスト 他人のユーザ情報編集画面 遷移できず、自分のユーザ詳細画面にリダイレクトされる
      [31mFailure/Error: expect(current_path).to eq '/users/' + user.id.to_s[0m
      [31m[0m
      [31m  expected: "/users/1"[0m
      [31m       got: "/users/2"[0m
      [31m[0m
      [31m  (compared using ==)[0m
      [36m# ./spec/system/03_finishing_touches_spec.rb:312:in `block (4 levels) in <main>'[0m

Finished in 27.89 seconds (files took 2.88 seconds to load)
[31m199 examples, 29 failures[0m

Failed examples:

[31mrspec ./spec/system/01_before_login_spec.rb:147[0m [36m# [STEP1] ユーザログイン前のテスト ユーザ新規登録のテスト 新規登録成功のテスト 正しく新規登録される[0m
[31mrspec ./spec/system/01_before_login_spec.rb:150[0m [36m# [STEP1] ユーザログイン前のテスト ユーザ新規登録のテスト 新規登録成功のテスト 新規登録後のリダイレクト先が、新規登録できたユーザの詳細画面になっている[0m
[31mrspec ./spec/system/01_before_login_spec.rb:237[0m [36m# [STEP1] ユーザログイン前のテスト ヘッダーのテスト: ログインしている場合 ヘッダーの表示を確認 Log outリンクが表示される: 左上から5番目のリンクが「Log out」である[0m
[31mrspec ./spec/system/02_after_login_spec.rb:20[0m [36m# [STEP2] ユーザログイン後のテスト ヘッダーのテスト: ログインしている場合 リンクの内容を確認: ※logoutは『ユーザログアウトのテスト』でテスト済みになります。 Homeを押すと、自分のユーザ詳細画面に遷移する[0m
[31mrspec ./spec/system/02_after_login_spec.rb:50[0m [36m# [STEP2] ユーザログイン後のテスト 投稿一覧画面のテスト 表示内容の確認 自分と他人の画像のリンク先が正しい[0m
[31mrspec ./spec/system/02_after_login_spec.rb:98[0m [36m# [STEP2] ユーザログイン後のテスト 投稿一覧画面のテスト 投稿成功のテスト 自分の新しい投稿が正しく保存される[0m
[31mrspec ./spec/system/02_after_login_spec.rb:101[0m [36m# [STEP2] ユーザログイン後のテスト 投稿一覧画面のテスト 投稿成功のテスト リダイレクト先が、保存できた投稿の詳細画面になっている[0m
[31mrspec ./spec/system/02_after_login_spec.rb:157[0m [36m# [STEP2] ユーザログイン後のテスト 自分の投稿詳細画面のテスト サイドバーの確認 bodyフォームに値が入っていない[0m
[31mrspec ./spec/system/02_after_login_spec.rb:171[0m [36m# [STEP2] ユーザログイン後のテスト 自分の投稿詳細画面のテスト 投稿成功のテスト 自分の新しい投稿が正しく保存される[0m
[31mrspec ./spec/system/02_after_login_spec.rb:318[0m [36m# [STEP2] ユーザログイン後のテスト 自分のユーザ詳細画面のテスト 表示の確認 投稿一覧のユーザ画像のリンク先が正しい[0m
[31mrspec ./spec/system/02_after_login_spec.rb:397[0m [36m# [STEP2] ユーザログイン後のテスト 自分のユーザ情報編集画面のテスト 更新成功のテスト nameが正しく更新される[0m
[31mrspec ./spec/system/02_after_login_spec.rb:400[0m [36m# [STEP2] ユーザログイン後のテスト 自分のユーザ情報編集画面のテスト 更新成功のテスト introductionが正しく更新される[0m
[31mrspec ./spec/system/02_after_login_spec.rb:403[0m [36m# [STEP2] ユーザログイン後のテスト 自分のユーザ情報編集画面のテスト 更新成功のテスト リダイレクト先が、自分のユーザ詳細画面になっている[0m
[31mrspec ./spec/system/03_finishing_touches_spec.rb:12[0m [36m# [STEP3] 仕上げのテスト サクセスメッセージのテスト ユーザ新規登録成功時[0m
[31mrspec ./spec/system/03_finishing_touches_spec.rb:38[0m [36m# [STEP3] 仕上げのテスト サクセスメッセージのテスト ユーザのプロフィール情報更新成功時[0m
[31mrspec ./spec/system/03_finishing_touches_spec.rb:47[0m [36m# [STEP3] 仕上げのテスト サクセスメッセージのテスト 投稿データの新規投稿成功時: 投稿一覧画面から行います。[0m
[31mrspec ./spec/system/03_finishing_touches_spec.rb:84[0m [36m# [STEP3] 仕上げのテスト 処理失敗時のテスト ユーザ新規登録失敗: nameを1文字にする 新規登録画面を表示しており、フォームの内容が正しい[0m
[31mrspec ./spec/system/03_finishing_touches_spec.rb:109[0m [36m# [STEP3] 仕上げのテスト 処理失敗時のテスト ユーザのプロフィール情報編集失敗: nameを1文字にする 更新されない[0m
[31mrspec ./spec/system/03_finishing_touches_spec.rb:112[0m [36m# [STEP3] 仕上げのテスト 処理失敗時のテスト ユーザのプロフィール情報編集失敗: nameを1文字にする ユーザ編集画面を表示しており、フォームの内容が正しい[0m
[31mrspec ./spec/system/03_finishing_touches_spec.rb:115[0m [36m# [STEP3] 仕上げのテスト 処理失敗時のテスト ユーザのプロフィール情報編集失敗: nameを1文字にする バリデーションエラーが表示される[0m
[31mrspec ./spec/system/03_finishing_touches_spec.rb:144[0m [36m# [STEP3] 仕上げのテスト 処理失敗時のテスト 投稿データの新規投稿失敗: 投稿一覧画面から行い、titleを空にする バリデーションエラーが表示される[0m
[31mrspec ./spec/system/03_finishing_touches_spec.rb:170[0m [36m# [STEP3] 仕上げのテスト 処理失敗時のテスト 投稿データの更新失敗: titleを空にする エラーメッセージが表示される[0m
[31mrspec ./spec/system/03_finishing_touches_spec.rb:247[0m [36m# [STEP3] 仕上げのテスト 他人の画面のテスト 他人の投稿詳細画面のテスト サイドバーの確認 他人のユーザ編集画面へのリンクが存在する[0m
[31mrspec ./spec/system/03_finishing_touches_spec.rb:254[0m [36m# [STEP3] 仕上げのテスト 他人の画面のテスト 他人の投稿詳細画面のテスト サイドバーの確認 自分のユーザ編集画面へのリンクは存在しない[0m
[31mrspec ./spec/system/03_finishing_touches_spec.rb:261[0m [36m# [STEP3] 仕上げのテスト 他人の画面のテスト 他人の投稿編集画面 遷移できず、投稿一覧画面にリダイレクトされる[0m
[31mrspec ./spec/system/03_finishing_touches_spec.rb:276[0m [36m# [STEP3] 仕上げのテスト 他人の画面のテスト 他人のユーザ詳細画面のテスト 表示の確認 投稿一覧のユーザ画像のリンク先が正しい[0m
[31mrspec ./spec/system/03_finishing_touches_spec.rb:296[0m [36m# [STEP3] 仕上げのテスト 他人の画面のテスト 他人のユーザ詳細画面のテスト サイドバーの確認 他人のユーザ編集画面へのリンクが存在する[0m
[31mrspec ./spec/system/03_finishing_touches_spec.rb:303[0m [36m# [STEP3] 仕上げのテスト 他人の画面のテスト 他人のユーザ詳細画面のテスト サイドバーの確認 自分のユーザ編集画面へのリンクは存在しない[0m
[31mrspec ./spec/system/03_finishing_touches_spec.rb:310[0m [36m# [STEP3] 仕上げのテスト 他人の画面のテスト 他人のユーザ情報編集画面 遷移できず、自分のユーザ詳細画面にリダイレクトされる[0m

